2025-10-20 13:49:15,322 INFO: Loaded 1 reminders from storage [in D:\medication reminder\backend\app\storage.py:38]
2025-10-25 15:28:10,006 INFO: Notification scheduler started [in D:\medication reminder\backend\app\services\notification_service.py:70]
2025-10-25 15:28:10,009 INFO: Notification service started successfully [in D:\medication reminder\backend\app\services\notification_service.py:82]
2025-10-25 15:28:10,010 INFO: Medication Reminder application started successfully [in D:\medication reminder\backend\app\__init__.py:51]
2025-10-25 15:28:23,079 INFO: Notification scheduler started [in D:\medication reminder\backend\app\services\notification_service.py:70]
2025-10-25 15:28:23,080 INFO: Notification service started successfully [in D:\medication reminder\backend\app\services\notification_service.py:82]
2025-10-25 15:28:23,080 INFO: Medication Reminder application started successfully [in D:\medication reminder\backend\app\__init__.py:51]
2025-10-25 15:28:38,764 INFO: Fetching all reminders [in D:\medication reminder\backend\app\api\reminders.py:13]
2025-10-25 15:28:38,764 INFO: Loaded 1 reminders from storage [in D:\medication reminder\backend\app\storage.py:38]
2025-10-25 15:28:38,777 INFO: Fetching all reminders [in D:\medication reminder\backend\app\api\reminders.py:13]
2025-10-25 15:28:38,777 INFO: Loaded 1 reminders from storage [in D:\medication reminder\backend\app\storage.py:38]
2025-10-25 15:28:43,651 INFO: Toggling reminder with ID: 1 [in D:\medication reminder\backend\app\api\reminders.py:68]
2025-10-25 15:28:43,658 INFO: Loaded 1 reminders from storage [in D:\medication reminder\backend\app\storage.py:38]
2025-10-25 15:28:43,661 INFO: Saved 1 reminders to storage [in D:\medication reminder\backend\app\storage.py:54]
2025-10-25 15:28:43,663 INFO: Toggled reminder with ID: 1 to False [in D:\medication reminder\backend\app\repositories\reminder_repository.py:76]
2025-10-25 15:28:44,796 INFO: Toggling reminder with ID: 1 [in D:\medication reminder\backend\app\api\reminders.py:68]
2025-10-25 15:28:44,799 INFO: Loaded 1 reminders from storage [in D:\medication reminder\backend\app\storage.py:38]
2025-10-25 15:28:44,801 INFO: Saved 1 reminders to storage [in D:\medication reminder\backend\app\storage.py:54]
2025-10-25 15:28:44,801 INFO: Toggled reminder with ID: 1 to True [in D:\medication reminder\backend\app\repositories\reminder_repository.py:76]
2025-10-25 15:29:09,252 INFO: Fetching all reminders [in D:\medication reminder\backend\app\api\reminders.py:13]
2025-10-25 15:29:09,252 INFO: Loaded 1 reminders from storage [in D:\medication reminder\backend\app\storage.py:38]
2025-10-25 15:29:09,264 INFO: Fetching all reminders [in D:\medication reminder\backend\app\api\reminders.py:13]
2025-10-25 15:29:09,266 INFO: Loaded 1 reminders from storage [in D:\medication reminder\backend\app\storage.py:38]
2025-10-25 15:29:10,041 INFO: Loaded 1 reminders from storage [in D:\medication reminder\backend\app\storage.py:38]
2025-10-25 15:29:23,108 INFO: Loaded 1 reminders from storage [in D:\medication reminder\backend\app\storage.py:38]
2025-10-25 15:30:10,121 INFO: Loaded 1 reminders from storage [in D:\medication reminder\backend\app\storage.py:38]
2025-10-25 15:30:23,136 INFO: Loaded 1 reminders from storage [in D:\medication reminder\backend\app\storage.py:38]
2025-10-25 15:55:43,188 INFO: Notification scheduler started [in D:\medication reminder\backend\app\services\notification_service.py:70]
2025-10-25 15:55:43,188 INFO: Notification service started successfully [in D:\medication reminder\backend\app\services\notification_service.py:82]
2025-10-25 15:55:43,188 INFO: Medication Reminder application started successfully [in D:\medication reminder\backend\app\__init__.py:54]
2025-10-25 15:55:56,148 INFO: Notification scheduler started [in D:\medication reminder\backend\app\services\notification_service.py:70]
2025-10-25 15:55:56,148 INFO: Notification service started successfully [in D:\medication reminder\backend\app\services\notification_service.py:82]
2025-10-25 15:55:56,148 INFO: Medication Reminder application started successfully [in D:\medication reminder\backend\app\__init__.py:54]
2025-10-25 15:56:43,238 INFO: Loaded 1 reminders from storage [in D:\medication reminder\backend\app\storage.py:38]
2025-10-25 15:56:56,227 INFO: Loaded 1 reminders from storage [in D:\medication reminder\backend\app\storage.py:38]
2025-10-25 15:57:15,822 INFO: Fetching all reminders [in D:\medication reminder\backend\app\api\reminders.py:13]
2025-10-25 15:57:15,824 INFO: Loaded 1 reminders from storage [in D:\medication reminder\backend\app\storage.py:38]
2025-10-25 15:57:15,836 INFO: Fetching all reminders [in D:\medication reminder\backend\app\api\reminders.py:13]
2025-10-25 15:57:15,838 INFO: Loaded 1 reminders from storage [in D:\medication reminder\backend\app\storage.py:38]
2025-10-25 15:57:19,522 INFO: Toggling reminder with ID: 1 [in D:\medication reminder\backend\app\api\reminders.py:68]
2025-10-25 15:57:19,523 INFO: Loaded 1 reminders from storage [in D:\medication reminder\backend\app\storage.py:38]
2025-10-25 15:57:19,523 INFO: Saved 1 reminders to storage [in D:\medication reminder\backend\app\storage.py:54]
2025-10-25 15:57:19,523 INFO: Toggled reminder with ID: 1 to False [in D:\medication reminder\backend\app\repositories\reminder_repository.py:76]
2025-10-25 15:57:20,546 INFO: Toggling reminder with ID: 1 [in D:\medication reminder\backend\app\api\reminders.py:68]
2025-10-25 15:57:20,548 INFO: Loaded 1 reminders from storage [in D:\medication reminder\backend\app\storage.py:38]
2025-10-25 15:57:20,549 INFO: Saved 1 reminders to storage [in D:\medication reminder\backend\app\storage.py:54]
2025-10-25 15:57:20,550 INFO: Toggled reminder with ID: 1 to True [in D:\medication reminder\backend\app\repositories\reminder_repository.py:76]
2025-10-25 15:57:43,271 INFO: Loaded 1 reminders from storage [in D:\medication reminder\backend\app\storage.py:38]
2025-10-25 15:57:56,257 INFO: Loaded 1 reminders from storage [in D:\medication reminder\backend\app\storage.py:38]
2025-10-25 15:58:43,301 INFO: Loaded 1 reminders from storage [in D:\medication reminder\backend\app\storage.py:38]
